
*** Running vivado
    with args -log votingMachine.vds -m64 -product Vivado -mode batch -messageDb vivado.pb -notrace -source votingMachine.tcl


****** Vivado v2017.4 (64-bit)
  **** SW Build 2086221 on Fri Dec 15 20:55:39 MST 2017
  **** IP Build 2085800 on Fri Dec 15 22:25:07 MST 2017
    ** Copyright 1986-2017 Xilinx, Inc. All Rights Reserved.

source votingMachine.tcl -notrace
Command: synth_design -top votingMachine -part xc7a35tcpg236-1
Starting synth_design
Attempting to get a license for feature 'Synthesis' and/or device 'xc7a35t'
INFO: [Common 17-349] Got license for feature 'Synthesis' and/or device 'xc7a35t'
INFO: Launching helper process for spawning children vivado processes
INFO: Helper process launched with PID 30732 
---------------------------------------------------------------------------------
Starting RTL Elaboration : Time (s): cpu = 00:00:03 ; elapsed = 00:00:04 . Memory (MB): peak = 413.484 ; gain = 96.758
---------------------------------------------------------------------------------
INFO: [Synth 8-638] synthesizing module 'votingMachine' [C:/Users/ADMIN/Voting/Voting.srcs/sources_1/new/votingMachine.v:23]
INFO: [Synth 8-638] synthesizing module 'buttonControl' [C:/Users/ADMIN/Voting/Voting.srcs/sources_1/new/buttonControl.v:23]
INFO: [Synth 8-256] done synthesizing module 'buttonControl' (1#1) [C:/Users/ADMIN/Voting/Voting.srcs/sources_1/new/buttonControl.v:23]
INFO: [Synth 8-638] synthesizing module 'voteLogger' [C:/Users/ADMIN/Voting/Voting.srcs/sources_1/new/voteLogger.v:23]
INFO: [Synth 8-256] done synthesizing module 'voteLogger' (2#1) [C:/Users/ADMIN/Voting/Voting.srcs/sources_1/new/voteLogger.v:23]
INFO: [Synth 8-638] synthesizing module 'modeControl' [C:/Users/ADMIN/Voting/Voting.srcs/sources_1/new/modeControl.v:23]
INFO: [Synth 8-256] done synthesizing module 'modeControl' (3#1) [C:/Users/ADMIN/Voting/Voting.srcs/sources_1/new/modeControl.v:23]
INFO: [Synth 8-256] done synthesizing module 'votingMachine' (4#1) [C:/Users/ADMIN/Voting/Voting.srcs/sources_1/new/votingMachine.v:23]
---------------------------------------------------------------------------------
Finished RTL Elaboration : Time (s): cpu = 00:00:03 ; elapsed = 00:00:05 . Memory (MB): peak = 465.551 ; gain = 148.824
---------------------------------------------------------------------------------

Report Check Netlist: 
+------+------------------+-------+---------+-------+------------------+
|      |Item              |Errors |Warnings |Status |Description       |
+------+------------------+-------+---------+-------+------------------+
|1     |multi_driven_nets |      0|        0|Passed |Multi driven nets |
+------+------------------+-------+---------+-------+------------------+
---------------------------------------------------------------------------------
Finished RTL Optimization Phase 1 : Time (s): cpu = 00:00:03 ; elapsed = 00:00:05 . Memory (MB): peak = 465.551 ; gain = 148.824
---------------------------------------------------------------------------------
INFO: [Device 21-403] Loading part xc7a35tcpg236-1
INFO: [Project 1-570] Preparing netlist for logic optimization

Processing XDC Constraints
Initializing timing engine
Parsing XDC File [C:/Users/ADMIN/Voting/Voting.srcs/constrs_1/new/evm.xdc]
Finished Parsing XDC File [C:/Users/ADMIN/Voting/Voting.srcs/constrs_1/new/evm.xdc]
INFO: [Project 1-236] Implementation specific constraints were found while reading constraint file [C:/Users/ADMIN/Voting/Voting.srcs/constrs_1/new/evm.xdc]. These constraints will be ignored for synthesis but will be used in implementation. Impacted constraints are listed in the file [.Xil/votingMachine_propImpl.xdc].
Resolution: To avoid this warning, move constraints listed in [.Xil/votingMachine_propImpl.xdc] to another XDC file and exclude this new file from synthesis with the used_in_synthesis property (File Properties dialog in GUI) and re-run elaboration/synthesis.
Completed Processing XDC Constraints

INFO: [Project 1-111] Unisim Transformation Summary:
No Unisim elements were transformed.

Constraint Validation Runtime : Time (s): cpu = 00:00:00 ; elapsed = 00:00:00.001 . Memory (MB): peak = 793.078 ; gain = 0.000
---------------------------------------------------------------------------------
Finished Constraint Validation : Time (s): cpu = 00:00:08 ; elapsed = 00:00:14 . Memory (MB): peak = 793.078 ; gain = 476.352
---------------------------------------------------------------------------------
---------------------------------------------------------------------------------
Start Loading Part and Timing Information
---------------------------------------------------------------------------------
Loading part: xc7a35tcpg236-1
---------------------------------------------------------------------------------
Finished Loading Part and Timing Information : Time (s): cpu = 00:00:08 ; elapsed = 00:00:14 . Memory (MB): peak = 793.078 ; gain = 476.352
---------------------------------------------------------------------------------
---------------------------------------------------------------------------------
Start Applying 'set_property' XDC Constraints
---------------------------------------------------------------------------------
---------------------------------------------------------------------------------
Finished applying 'set_property' XDC Constraints : Time (s): cpu = 00:00:08 ; elapsed = 00:00:14 . Memory (MB): peak = 793.078 ; gain = 476.352
---------------------------------------------------------------------------------
INFO: [Synth 8-5545] ROM "valid_vote" won't be mapped to RAM because address size (31) is larger than maximum supported(25)
WARNING: [Synth 8-6014] Unused sequential element counter_reg was removed.  [C:/Users/ADMIN/Voting/Voting.srcs/sources_1/new/buttonControl.v:37]
WARNING: [Synth 8-6014] Unused sequential element cand1_vote_recvd_reg was removed.  [C:/Users/ADMIN/Voting/Voting.srcs/sources_1/new/voteLogger.v:44]
WARNING: [Synth 8-6014] Unused sequential element cand2_vote_recvd_reg was removed.  [C:/Users/ADMIN/Voting/Voting.srcs/sources_1/new/voteLogger.v:45]
WARNING: [Synth 8-6014] Unused sequential element cand3_vote_recvd_reg was removed.  [C:/Users/ADMIN/Voting/Voting.srcs/sources_1/new/voteLogger.v:46]
WARNING: [Synth 8-6014] Unused sequential element cand4_vote_recvd_reg was removed.  [C:/Users/ADMIN/Voting/Voting.srcs/sources_1/new/voteLogger.v:47]
INFO: [Synth 8-5544] ROM "lead" won't be mapped to Block RAM because address size (1) smaller than threshold (5)
INFO: [Synth 8-5544] ROM "lead" won't be mapped to Block RAM because address size (1) smaller than threshold (5)
INFO: [Synth 8-5544] ROM "lead" won't be mapped to Block RAM because address size (1) smaller than threshold (5)
INFO: [Synth 8-5544] ROM "lead2" won't be mapped to Block RAM because address size (1) smaller than threshold (5)
INFO: [Synth 8-5544] ROM "lead2" won't be mapped to Block RAM because address size (1) smaller than threshold (5)
INFO: [Synth 8-5544] ROM "lead2" won't be mapped to Block RAM because address size (1) smaller than threshold (5)
INFO: [Synth 8-5544] ROM "lead2" won't be mapped to Block RAM because address size (1) smaller than threshold (5)
WARNING: [Synth 8-6014] Unused sequential element counter_reg was removed.  [C:/Users/ADMIN/Voting/Voting.srcs/sources_1/new/modeControl.v:44]
---------------------------------------------------------------------------------
Finished RTL Optimization Phase 2 : Time (s): cpu = 00:00:08 ; elapsed = 00:00:14 . Memory (MB): peak = 793.078 ; gain = 476.352
---------------------------------------------------------------------------------

Report RTL Partitions: 
+-+--------------+------------+----------+
| |RTL Partition |Replication |Instances |
+-+--------------+------------+----------+
+-+--------------+------------+----------+
---------------------------------------------------------------------------------
Start RTL Component Statistics 
---------------------------------------------------------------------------------
Detailed RTL Component Info : 
+---Adders : 
	   2 Input      8 Bit       Adders := 4     
+---Registers : 
	                8 Bit    Registers := 5     
	                3 Bit    Registers := 2     
	                1 Bit    Registers := 4     
+---Muxes : 
	   2 Input      8 Bit        Muxes := 5     
	   2 Input      3 Bit        Muxes := 3     
	   3 Input      3 Bit        Muxes := 2     
	   5 Input      3 Bit        Muxes := 4     
	   2 Input      2 Bit        Muxes := 2     
	   2 Input      1 Bit        Muxes := 15    
	   4 Input      1 Bit        Muxes := 1     
	   3 Input      1 Bit        Muxes := 1     
---------------------------------------------------------------------------------
Finished RTL Component Statistics 
---------------------------------------------------------------------------------
---------------------------------------------------------------------------------
Start RTL Hierarchical Component Statistics 
---------------------------------------------------------------------------------
Hierarchical RTL Component report 
Module buttonControl 
Detailed RTL Component Info : 
+---Registers : 
	                1 Bit    Registers := 1     
+---Muxes : 
	   2 Input      1 Bit        Muxes := 2     
Module voteLogger 
Detailed RTL Component Info : 
+---Adders : 
	   2 Input      8 Bit       Adders := 4     
+---Registers : 
	                8 Bit    Registers := 4     
	                3 Bit    Registers := 2     
+---Muxes : 
	   2 Input      3 Bit        Muxes := 3     
	   3 Input      3 Bit        Muxes := 2     
	   5 Input      3 Bit        Muxes := 4     
	   2 Input      2 Bit        Muxes := 2     
	   2 Input      1 Bit        Muxes := 2     
	   4 Input      1 Bit        Muxes := 1     
Module modeControl 
Detailed RTL Component Info : 
+---Registers : 
	                8 Bit    Registers := 1     
+---Muxes : 
	   2 Input      8 Bit        Muxes := 5     
	   2 Input      1 Bit        Muxes := 5     
	   3 Input      1 Bit        Muxes := 1     
---------------------------------------------------------------------------------
Finished RTL Hierarchical Component Statistics
---------------------------------------------------------------------------------
---------------------------------------------------------------------------------
Start Part Resource Summary
---------------------------------------------------------------------------------
Part Resources:
DSPs: 90 (col length:60)
BRAMs: 100 (col length: RAMB18 60 RAMB36 30)
---------------------------------------------------------------------------------
Finished Part Resource Summary
---------------------------------------------------------------------------------
---------------------------------------------------------------------------------
Start Cross Boundary and Area Optimization
---------------------------------------------------------------------------------
INFO: [Synth 8-5545] ROM "bc1/valid_vote" won't be mapped to RAM because address size (31) is larger than maximum supported(25)
INFO: [Synth 8-5545] ROM "bc2/valid_vote" won't be mapped to RAM because address size (31) is larger than maximum supported(25)
INFO: [Synth 8-5545] ROM "bc3/valid_vote" won't be mapped to RAM because address size (31) is larger than maximum supported(25)
INFO: [Synth 8-5545] ROM "bc4/valid_vote" won't be mapped to RAM because address size (31) is larger than maximum supported(25)
WARNING: [Synth 8-6014] Unused sequential element bc1/counter_reg was removed.  [C:/Users/ADMIN/Voting/Voting.srcs/sources_1/new/buttonControl.v:37]
WARNING: [Synth 8-6014] Unused sequential element bc2/counter_reg was removed.  [C:/Users/ADMIN/Voting/Voting.srcs/sources_1/new/buttonControl.v:37]
WARNING: [Synth 8-6014] Unused sequential element bc3/counter_reg was removed.  [C:/Users/ADMIN/Voting/Voting.srcs/sources_1/new/buttonControl.v:37]
WARNING: [Synth 8-6014] Unused sequential element bc4/counter_reg was removed.  [C:/Users/ADMIN/Voting/Voting.srcs/sources_1/new/buttonControl.v:37]
WARNING: [Synth 8-6014] Unused sequential element VL/cand1_vote_recvd_reg was removed.  [C:/Users/ADMIN/Voting/Voting.srcs/sources_1/new/voteLogger.v:44]
WARNING: [Synth 8-6014] Unused sequential element VL/cand2_vote_recvd_reg was removed.  [C:/Users/ADMIN/Voting/Voting.srcs/sources_1/new/voteLogger.v:45]
WARNING: [Synth 8-6014] Unused sequential element VL/cand3_vote_recvd_reg was removed.  [C:/Users/ADMIN/Voting/Voting.srcs/sources_1/new/voteLogger.v:46]
WARNING: [Synth 8-6014] Unused sequential element VL/cand4_vote_recvd_reg was removed.  [C:/Users/ADMIN/Voting/Voting.srcs/sources_1/new/voteLogger.v:47]
WARNING: [Synth 8-6014] Unused sequential element MC/counter_reg was removed.  [C:/Users/ADMIN/Voting/Voting.srcs/sources_1/new/modeControl.v:44]
---------------------------------------------------------------------------------
Finished Cross Boundary and Area Optimization : Time (s): cpu = 00:00:09 ; elapsed = 00:00:15 . Memory (MB): peak = 793.078 ; gain = 476.352
---------------------------------------------------------------------------------

Report RTL Partitions: 
+-+--------------+------------+----------+
| |RTL Partition |Replication |Instances |
+-+--------------+------------+----------+
+-+--------------+------------+----------+
---------------------------------------------------------------------------------
Start Applying XDC Timing Constraints
---------------------------------------------------------------------------------
---------------------------------------------------------------------------------
Finished Applying XDC Timing Constraints : Time (s): cpu = 00:00:13 ; elapsed = 00:00:23 . Memory (MB): peak = 794.418 ; gain = 477.691
---------------------------------------------------------------------------------
---------------------------------------------------------------------------------
Start Timing Optimization
---------------------------------------------------------------------------------
---------------------------------------------------------------------------------
Finished Timing Optimization : Time (s): cpu = 00:00:13 ; elapsed = 00:00:23 . Memory (MB): peak = 794.566 ; gain = 477.840
---------------------------------------------------------------------------------

Report RTL Partitions: 
+-+--------------+------------+----------+
| |RTL Partition |Replication |Instances |
+-+--------------+------------+----------+
+-+--------------+------------+----------+
---------------------------------------------------------------------------------
Start Technology Mapping
---------------------------------------------------------------------------------
---------------------------------------------------------------------------------
Finished Technology Mapping : Time (s): cpu = 00:00:13 ; elapsed = 00:00:23 . Memory (MB): peak = 817.051 ; gain = 500.324
---------------------------------------------------------------------------------

Report RTL Partitions: 
+-+--------------+------------+----------+
| |RTL Partition |Replication |Instances |
+-+--------------+------------+----------+
+-+--------------+------------+----------+
---------------------------------------------------------------------------------
Start IO Insertion
---------------------------------------------------------------------------------
---------------------------------------------------------------------------------
Start Flattening Before IO Insertion
---------------------------------------------------------------------------------
---------------------------------------------------------------------------------
Finished Flattening Before IO Insertion
---------------------------------------------------------------------------------
---------------------------------------------------------------------------------
Start Final Netlist Cleanup
---------------------------------------------------------------------------------
---------------------------------------------------------------------------------
Finished Final Netlist Cleanup
---------------------------------------------------------------------------------
---------------------------------------------------------------------------------
Finished IO Insertion : Time (s): cpu = 00:00:13 ; elapsed = 00:00:24 . Memory (MB): peak = 817.051 ; gain = 500.324
---------------------------------------------------------------------------------

Report Check Netlist: 
+------+------------------+-------+---------+-------+------------------+
|      |Item              |Errors |Warnings |Status |Description       |
+------+------------------+-------+---------+-------+------------------+
|1     |multi_driven_nets |      0|        0|Passed |Multi driven nets |
+------+------------------+-------+---------+-------+------------------+
---------------------------------------------------------------------------------
Start Renaming Generated Instances
---------------------------------------------------------------------------------
---------------------------------------------------------------------------------
Finished Renaming Generated Instances : Time (s): cpu = 00:00:13 ; elapsed = 00:00:24 . Memory (MB): peak = 817.051 ; gain = 500.324
---------------------------------------------------------------------------------

Report RTL Partitions: 
+-+--------------+------------+----------+
| |RTL Partition |Replication |Instances |
+-+--------------+------------+----------+
+-+--------------+------------+----------+
---------------------------------------------------------------------------------
Start Rebuilding User Hierarchy
---------------------------------------------------------------------------------
---------------------------------------------------------------------------------
Finished Rebuilding User Hierarchy : Time (s): cpu = 00:00:13 ; elapsed = 00:00:24 . Memory (MB): peak = 817.051 ; gain = 500.324
---------------------------------------------------------------------------------
---------------------------------------------------------------------------------
Start Renaming Generated Ports
---------------------------------------------------------------------------------
---------------------------------------------------------------------------------
Finished Renaming Generated Ports : Time (s): cpu = 00:00:13 ; elapsed = 00:00:24 . Memory (MB): peak = 817.051 ; gain = 500.324
---------------------------------------------------------------------------------
---------------------------------------------------------------------------------
Start Handling Custom Attributes
---------------------------------------------------------------------------------
---------------------------------------------------------------------------------
Finished Handling Custom Attributes : Time (s): cpu = 00:00:13 ; elapsed = 00:00:24 . Memory (MB): peak = 817.051 ; gain = 500.324
---------------------------------------------------------------------------------
---------------------------------------------------------------------------------
Start Renaming Generated Nets
---------------------------------------------------------------------------------
---------------------------------------------------------------------------------
Finished Renaming Generated Nets : Time (s): cpu = 00:00:13 ; elapsed = 00:00:24 . Memory (MB): peak = 817.051 ; gain = 500.324
---------------------------------------------------------------------------------
---------------------------------------------------------------------------------
Start Writing Synthesis Report
---------------------------------------------------------------------------------

Report BlackBoxes: 
+-+--------------+----------+
| |BlackBox name |Instances |
+-+--------------+----------+
+-+--------------+----------+

Report Cell Usage: 
+------+-------+------+
|      |Cell   |Count |
+------+-------+------+
|1     |BUFG   |     1|
|2     |CARRY4 |    47|
|3     |LUT1   |     9|
|4     |LUT2   |    16|
|5     |LUT3   |    13|
|6     |LUT4   |   111|
|7     |LUT5   |    39|
|8     |LUT6   |    39|
|9     |FDRE   |   205|
|10    |IBUF   |     7|
|11    |OBUF   |    14|
+------+-------+------+

Report Instance Areas: 
+------+---------+----------------+------+
|      |Instance |Module          |Cells |
+------+---------+----------------+------+
|1     |top      |                |   501|
|2     |  MC     |modeControl     |    64|
|3     |  VL     |voteLogger      |   196|
|4     |  bc1    |buttonControl   |    56|
|5     |  bc2    |buttonControl_0 |    54|
|6     |  bc3    |buttonControl_1 |    55|
|7     |  bc4    |buttonControl_2 |    54|
+------+---------+----------------+------+
---------------------------------------------------------------------------------
Finished Writing Synthesis Report : Time (s): cpu = 00:00:13 ; elapsed = 00:00:24 . Memory (MB): peak = 817.051 ; gain = 500.324
---------------------------------------------------------------------------------
Synthesis finished with 0 errors, 0 critical warnings and 15 warnings.
Synthesis Optimization Runtime : Time (s): cpu = 00:00:07 ; elapsed = 00:00:19 . Memory (MB): peak = 817.051 ; gain = 172.797
Synthesis Optimization Complete : Time (s): cpu = 00:00:13 ; elapsed = 00:00:24 . Memory (MB): peak = 817.051 ; gain = 500.324
INFO: [Project 1-571] Translating synthesized netlist
INFO: [Netlist 29-17] Analyzing 54 Unisim elements for replacement
INFO: [Netlist 29-28] Unisim Transformation completed in 0 CPU seconds
INFO: [Project 1-570] Preparing netlist for logic optimization
INFO: [Opt 31-138] Pushed 0 inverter(s) to 0 load pin(s).
INFO: [Project 1-111] Unisim Transformation Summary:
No Unisim elements were transformed.

INFO: [Common 17-83] Releasing license: Synthesis
32 Infos, 15 Warnings, 0 Critical Warnings and 0 Errors encountered.
synth_design completed successfully
synth_design: Time (s): cpu = 00:00:14 ; elapsed = 00:00:27 . Memory (MB): peak = 817.770 ; gain = 513.320
INFO: [Common 17-1381] The checkpoint 'C:/Users/ADMIN/Voting/Voting.runs/synth_1/votingMachine.dcp' has been generated.
INFO: [runtcl-4] Executing : report_utilization -file votingMachine_utilization_synth.rpt -pb votingMachine_utilization_synth.pb
report_utilization: Time (s): cpu = 00:00:00 ; elapsed = 00:00:00.013 . Memory (MB): peak = 817.770 ; gain = 0.000
INFO: [Common 17-206] Exiting Vivado at Mon Apr 29 16:26:38 2024...
